<?xml version="1.0" encoding="UTF-8" ?>
<testsuite failures="0" time="0.534" errors="0" skipped="24" tests="30" name="helpers.CukesRunnerTest">
  <properties>
    <property name="java.runtime.name" value="Java(TM) SE Runtime Environment"/>
    <property name="sun.boot.library.path" value="C:\Program Files\Java\jre7\bin"/>
    <property name="java.vm.version" value="21.0-b17"/>
    <property name="user.country.format" value="US"/>
    <property name="java.vm.vendor" value="Oracle Corporation"/>
    <property name="java.vendor.url" value="http://java.oracle.com/"/>
    <property name="path.separator" value=";"/>
    <property name="guice.disable.misplaced.annotation.check" value="true"/>
    <property name="java.vm.name" value="Java HotSpot(TM) 64-Bit Server VM"/>
    <property name="file.encoding.pkg" value="sun.io"/>
    <property name="user.script" value=""/>
    <property name="user.country" value="GB"/>
    <property name="sun.java.launcher" value="SUN_STANDARD"/>
    <property name="sun.os.patch.level" value=""/>
    <property name="java.vm.specification.name" value="Java Virtual Machine Specification"/>
    <property name="user.dir" value="C:\Users\Tim O&apos;Keeffe\Desktop\Selenium\HealthUnlockedAutomationSuite"/>
    <property name="java.runtime.version" value="1.7.0-b147"/>
    <property name="java.awt.graphicsenv" value="sun.awt.Win32GraphicsEnvironment"/>
    <property name="java.endorsed.dirs" value="C:\Program Files\Java\jre7\lib\endorsed"/>
    <property name="os.arch" value="amd64"/>
    <property name="java.io.tmpdir" value="C:\Users\TIMO&apos;K~1\AppData\Local\Temp\"/>
    <property name="line.separator" value="
"/>
    <property name="java.vm.specification.vendor" value="Oracle Corporation"/>
    <property name="user.variant" value=""/>
    <property name="os.name" value="Windows NT (unknown)"/>
    <property name="classworlds.conf" value="C:\Users\Tim O&apos;Keeffe\Desktop\Selenium\.metadata\.plugins\org.eclipse.m2e.launching\launches\m2conf6956479318059840579.tmp"/>
    <property name="sun.jnu.encoding" value="Cp1252"/>
    <property name="java.library.path" value="C:\Program Files\Java\jre7\bin;C:\WINDOWS\Sun\Java\bin;C:\WINDOWS\system32;C:\WINDOWS;C:/Program Files/Java/jdk1.7.0_45/bin/../jre/bin/server;C:/Program Files/Java/jdk1.7.0_45/bin/../jre/bin;C:/Program Files/Java/jdk1.7.0_45/bin/../jre/lib/amd64;C:\Program Files\Java\jdk1.7.0_45\bin; C:\Program Files (x86)\Intel\iCLS Client\;C:\Program Files\Intel\iCLS Client\;C:\Windows\System32;C:\Program Files\Apache Software Foundation\apache-maven-3.2.1\bin; C:\Ruby200-x64\bin;C:\Ruby193\bin;;C:\Users\Tim O&apos;Keeffe\Documents\eclipse;;."/>
    <property name="java.specification.name" value="Java Platform API Specification"/>
    <property name="java.class.version" value="51.0"/>
    <property name="sun.management.compiler" value="HotSpot 64-Bit Tiered Compilers"/>
    <property name="os.version" value="6.2"/>
    <property name="user.home" value="C:\Users\Tim O&apos;Keeffe"/>
    <property name="user.timezone" value="Europe/London"/>
    <property name="java.awt.printerjob" value="sun.awt.windows.WPrinterJob"/>
    <property name="java.specification.version" value="1.7"/>
    <property name="file.encoding" value="Cp1252"/>
    <property name="user.name" value="Tim O&apos;Keeffe"/>
    <property name="java.class.path" value="/C:/Users/Tim O&apos;Keeffe/Documents/eclipse/configuration/org.eclipse.osgi/bundles/279/1/.cp/jars/plexus-classworlds-2.4.jar"/>
    <property name="java.vm.specification.version" value="1.7"/>
    <property name="sun.arch.data.model" value="64"/>
    <property name="java.home" value="C:\Program Files\Java\jre7"/>
    <property name="sun.java.command" value="org.codehaus.plexus.classworlds.launcher.Launcher -B test"/>
    <property name="java.specification.vendor" value="Oracle Corporation"/>
    <property name="user.language" value="en"/>
    <property name="awt.toolkit" value="sun.awt.windows.WToolkit"/>
    <property name="java.vm.info" value="mixed mode"/>
    <property name="java.version" value="1.7.0"/>
    <property name="java.ext.dirs" value="C:\Program Files\Java\jre7\lib\ext;C:\WINDOWS\Sun\Java\lib\ext"/>
    <property name="sun.boot.class.path" value="C:\Program Files\Java\jre7\lib\resources.jar;C:\Program Files\Java\jre7\lib\rt.jar;C:\Program Files\Java\jre7\lib\sunrsasign.jar;C:\Program Files\Java\jre7\lib\jsse.jar;C:\Program Files\Java\jre7\lib\jce.jar;C:\Program Files\Java\jre7\lib\charsets.jar;C:\Program Files\Java\jre7\classes"/>
    <property name="java.vendor" value="Oracle Corporation"/>
    <property name="maven.home" value="C:\Users\Tim O&apos;Keeffe\Desktop\Selenium\HealthUnlockedAutomationSuite\EMBEDDED"/>
    <property name="file.separator" value="\"/>
    <property name="java.vendor.url.bug" value="http://bugreport.sun.com/bugreport/"/>
    <property name="maven.bootclasspath" value="/C:/Users/Tim O&apos;Keeffe/Documents/eclipse/configuration/org.eclipse.osgi/bundles/279/1/.cp/jars/plexus-classworlds-2.4.jar"/>
    <property name="sun.cpu.endian" value="little"/>
    <property name="sun.io.unicode.encoding" value="UnicodeLittle"/>
    <property name="sun.desktop" value="windows"/>
    <property name="sun.cpu.isalist" value="amd64"/>
  </properties>
  <testcase time="0.047" classname="| Homepage |" name="Given I am on the HU Homepage">
    <skipped/>
  </testcase>
  <testcase time="0.093" classname="| Homepage |" name="When I click Log in">
    <skipped/>
  </testcase>
  <testcase time="0.094" classname="| Homepage |" name="Then I should be on the login page">
    <skipped/>
  </testcase>
  <testcase time="0.094" classname="| Homepage |" name="| Homepage |">
    <skipped/>
  </testcase>
  <testcase time="0.094" classname="| Homepage |" name="| Homepage |"/>
  <testcase time="0" classname="| Community_Homepage |" name="Given I am on the HU Community_Homepage">
    <skipped/>
  </testcase>
  <testcase time="0" classname="| Community_Homepage |" name="When I click Log in">
    <skipped/>
  </testcase>
  <testcase time="0" classname="| Community_Homepage |" name="Then I should be on the login page">
    <skipped/>
  </testcase>
  <testcase time="0" classname="| Community_Homepage |" name="| Community_Homepage |">
    <skipped/>
  </testcase>
  <testcase time="0" classname="| Community_Homepage |" name="| Community_Homepage |"/>
  <testcase time="0" classname="| Posts_Questions |" name="Given I am on the HU Posts_Questions">
    <skipped/>
  </testcase>
  <testcase time="0" classname="| Posts_Questions |" name="When I click Log in">
    <skipped/>
  </testcase>
  <testcase time="0" classname="| Posts_Questions |" name="Then I should be on the login page">
    <skipped/>
  </testcase>
  <testcase time="0" classname="| Posts_Questions |" name="| Posts_Questions |">
    <skipped/>
  </testcase>
  <testcase time="0" classname="| Posts_Questions |" name="| Posts_Questions |"/>
  <testcase time="0" classname="| Polls |" name="Given I am on the HU Polls">
    <skipped/>
  </testcase>
  <testcase time="0" classname="| Polls |" name="When I click Log in">
    <skipped/>
  </testcase>
  <testcase time="0" classname="| Polls |" name="Then I should be on the login page">
    <skipped/>
  </testcase>
  <testcase time="0" classname="| Polls |" name="| Polls |">
    <skipped/>
  </testcase>
  <testcase time="0" classname="| Polls |" name="| Polls |"/>
  <testcase time="0" classname="| Members |" name="Given I am on the HU Members">
    <skipped/>
  </testcase>
  <testcase time="0" classname="| Members |" name="When I click Log in">
    <skipped/>
  </testcase>
  <testcase time="0" classname="| Members |" name="Then I should be on the login page">
    <skipped/>
  </testcase>
  <testcase time="0" classname="| Members |" name="| Members |">
    <skipped/>
  </testcase>
  <testcase time="0" classname="| Members |" name="| Members |"/>
  <testcase time="0" classname="| Indivdual_Post_Question |" name="Given I am on the HU Indivdual_Post_Question">
    <skipped/>
  </testcase>
  <testcase time="0" classname="| Indivdual_Post_Question |" name="When I click Log in">
    <skipped/>
  </testcase>
  <testcase time="0" classname="| Indivdual_Post_Question |" name="Then I should be on the login page">
    <skipped/>
  </testcase>
  <testcase time="0" classname="| Indivdual_Post_Question |" name="| Indivdual_Post_Question |">
    <skipped/>
  </testcase>
  <testcase time="0" classname="| Indivdual_Post_Question |" name="| Indivdual_Post_Question |"/>
</testsuite>